Flow report for ALU
Thu May 09 15:48:15 2019
Quartus II Version 9.1 Build 350 03/24/2010 Service Pack 2 SJ Web Edition


---------------------
; Table of Contents ;
---------------------
  1. Legal Notice
  2. Flow Summary
  3. Flow Settings
  4. Flow Non-Default Global Settings
  5. Flow Elapsed Time
  6. Flow OS Summary
  7. Flow Log



----------------
; Legal Notice ;
----------------
Copyright (C) 1991-2010 Altera Corporation
Your use of Altera Corporation's design tools, logic functions 
and other software and tools, and its AMPP partner logic 
functions, and any output files from any of the foregoing 
(including device programming or simulation files), and any 
associated documentation or information are expressly subject 
to the terms and conditions of the Altera Program License 
Subscription Agreement, Altera MegaCore Function License 
Agreement, or other applicable license agreement, including, 
without limitation, that your use is for the sole purpose of 
programming logic devices manufactured by Altera and sold by 
Altera or its authorized distributors.  Please refer to the 
applicable agreement for further details.



+-----------------------------------------------------------------------------------+
; Flow Summary                                                                      ;
+------------------------------------+----------------------------------------------+
; Flow Status                        ; Successful - Thu May 09 15:48:12 2019        ;
; Quartus II Version                 ; 9.1 Build 350 03/24/2010 SP 2 SJ Web Edition ;
; Revision Name                      ; ALU                                          ;
; Top-level Entity Name              ; ALU                                          ;
; Family                             ; Cyclone III                                  ;
; Met timing requirements            ; N/A                                          ;
; Total logic elements               ; 676 / 5,136 ( 13 % )                         ;
;     Total combinational functions  ; 676 / 5,136 ( 13 % )                         ;
;     Dedicated logic registers      ; 0 / 5,136 ( 0 % )                            ;
; Total registers                    ; 0                                            ;
; Total pins                         ; 109 / 183 ( 60 % )                           ;
; Total virtual pins                 ; 0                                            ;
; Total memory bits                  ; 0 / 423,936 ( 0 % )                          ;
; Embedded Multiplier 9-bit elements ; 0 / 46 ( 0 % )                               ;
; Total PLLs                         ; 0 / 2 ( 0 % )                                ;
; Device                             ; EP3C5F256C6                                  ;
; Timing Models                      ; Final                                        ;
+------------------------------------+----------------------------------------------+


+-----------------------------------------+
; Flow Settings                           ;
+-------------------+---------------------+
; Option            ; Setting             ;
+-------------------+---------------------+
; Start date & time ; 05/09/2019 15:47:58 ;
; Main task         ; Compilation         ;
; Revision Name     ; ALU                 ;
+-------------------+---------------------+


+-----------------------------------------------------------------------------------------------------------------------+
; Flow Non-Default Global Settings                                                                                      ;
+------------------------------------+-----------------------------------+---------------+-------------+----------------+
; Assignment Name                    ; Value                             ; Default Value ; Entity Name ; Section Id     ;
+------------------------------------+-----------------------------------+---------------+-------------+----------------+
; COMPILER_SIGNATURE_ID              ; 48710649357183.155740067800928    ; --            ; --          ; --             ;
; IP_TOOL_NAME                       ; LPM_MUX                           ; --            ; --          ; --             ;
; IP_TOOL_NAME                       ; LPM_MUX                           ; --            ; --          ; --             ;
; IP_TOOL_NAME                       ; LPM_MUX                           ; --            ; --          ; --             ;
; IP_TOOL_NAME                       ; LPM_MUX                           ; --            ; --          ; --             ;
; IP_TOOL_NAME                       ; LPM_MUX                           ; --            ; --          ; --             ;
; IP_TOOL_NAME                       ; LPM_MUX                           ; --            ; --          ; --             ;
; IP_TOOL_NAME                       ; LPM_MUX                           ; --            ; --          ; --             ;
; IP_TOOL_NAME                       ; LPM_MUX                           ; --            ; --          ; --             ;
; IP_TOOL_VERSION                    ; 9.1                               ; --            ; --          ; --             ;
; IP_TOOL_VERSION                    ; 9.1                               ; --            ; --          ; --             ;
; IP_TOOL_VERSION                    ; 9.1                               ; --            ; --          ; --             ;
; IP_TOOL_VERSION                    ; 9.1                               ; --            ; --          ; --             ;
; IP_TOOL_VERSION                    ; 9.1                               ; --            ; --          ; --             ;
; IP_TOOL_VERSION                    ; 9.1                               ; --            ; --          ; --             ;
; IP_TOOL_VERSION                    ; 9.1                               ; --            ; --          ; --             ;
; IP_TOOL_VERSION                    ; 9.1                               ; --            ; --          ; --             ;
; MISC_FILE                          ; D:/MyPrograms/Quartus/ALU/ALU.dpf ; --            ; --          ; --             ;
; MISC_FILE                          ; lpm_mux0.bsf                      ; --            ; --          ; --             ;
; MISC_FILE                          ; lpm_mux0.inc                      ; --            ; --          ; --             ;
; MISC_FILE                          ; lpm_mux1.bsf                      ; --            ; --          ; --             ;
; MISC_FILE                          ; lpm_mux1.inc                      ; --            ; --          ; --             ;
; MISC_FILE                          ; lpm_mux2.bsf                      ; --            ; --          ; --             ;
; MISC_FILE                          ; lpm_mux2.inc                      ; --            ; --          ; --             ;
; MISC_FILE                          ; lpm_mux3.tdf                      ; --            ; --          ; --             ;
; MISC_FILE                          ; lpm_mux3.bsf                      ; --            ; --          ; --             ;
; MISC_FILE                          ; lpm_mux3.inc                      ; --            ; --          ; --             ;
; MISC_FILE                          ; lpm_mux4.bsf                      ; --            ; --          ; --             ;
; MISC_FILE                          ; lpm_mux4.inc                      ; --            ; --          ; --             ;
; MISC_FILE                          ; lpm_mux5.bsf                      ; --            ; --          ; --             ;
; MISC_FILE                          ; lpm_mux5.inc                      ; --            ; --          ; --             ;
; MISC_FILE                          ; lpm_mux6.bsf                      ; --            ; --          ; --             ;
; MISC_FILE                          ; lpm_mux6.inc                      ; --            ; --          ; --             ;
; MISC_FILE                          ; lpm_mux7.bsf                      ; --            ; --          ; --             ;
; MISC_FILE                          ; lpm_mux7.inc                      ; --            ; --          ; --             ;
; PARTITION_COLOR                    ; 16764057                          ; --            ; --          ; Top            ;
; PARTITION_NETLIST_TYPE             ; SOURCE                            ; --            ; --          ; Top            ;
; USE_GENERATED_PHYSICAL_CONSTRAINTS ; Off                               ; --            ; --          ; eda_blast_fpga ;
+------------------------------------+-----------------------------------+---------------+-------------+----------------+


+-------------------------------------------------------------------------------------------------------------------------------+
; Flow Elapsed Time                                                                                                             ;
+---------------------------+--------------+-------------------------+---------------------+------------------------------------+
; Module Name               ; Elapsed Time ; Average Processors Used ; Peak Virtual Memory ; Total CPU Time (on all processors) ;
+---------------------------+--------------+-------------------------+---------------------+------------------------------------+
; Analysis & Synthesis      ; 00:00:07     ; 1.0                     ; 264 MB              ; 00:00:08                           ;
; Fitter                    ; 00:00:04     ; 1.0                     ; 302 MB              ; 00:00:05                           ;
; TimeQuest Timing Analyzer ; 00:00:03     ; 1.0                     ; 268 MB              ; 00:00:03                           ;
; Assembler                 ; 00:00:00     ; 1.0                     ; 232 MB              ; 00:00:01                           ;
; Total                     ; 00:00:14     ; --                      ; --                  ; 00:00:16                           ;
+---------------------------+--------------+-------------------------+---------------------+------------------------------------+


+--------------------------------------------------------------------------------------------+
; Flow OS Summary                                                                            ;
+---------------------------+------------------+---------------+------------+----------------+
; Module Name               ; Machine Hostname ; OS Name       ; OS Version ; Processor type ;
+---------------------------+------------------+---------------+------------+----------------+
; Analysis & Synthesis      ; DESKTOP-85DU7N5  ; Windows Vista ; 6.2        ; x86_64         ;
; Fitter                    ; DESKTOP-85DU7N5  ; Windows Vista ; 6.2        ; x86_64         ;
; Assembler                 ; DESKTOP-85DU7N5  ; Windows Vista ; 6.2        ; x86_64         ;
; TimeQuest Timing Analyzer ; DESKTOP-85DU7N5  ; Windows Vista ; 6.2        ; x86_64         ;
+---------------------------+------------------+---------------+------------+----------------+


------------
; Flow Log ;
------------
quartus_map --read_settings_files=on --write_settings_files=off ALU -c ALU
quartus_fit --read_settings_files=off --write_settings_files=off ALU -c ALU
quartus_asm --read_settings_files=off --write_settings_files=off ALU -c ALU
quartus_sta ALU -c ALU



