Flow report for Register_File
Tue Jun 04 19:08:10 2019
Quartus II Version 9.1 Build 350 03/24/2010 Service Pack 2 SJ Web Edition


---------------------
; Table of Contents ;
---------------------
  1. Legal Notice
  2. Flow Summary
  3. Flow Settings
  4. Flow Non-Default Global Settings
  5. Flow Elapsed Time
  6. Flow OS Summary
  7. Flow Log



----------------
; Legal Notice ;
----------------
Copyright (C) 1991-2010 Altera Corporation
Your use of Altera Corporation's design tools, logic functions 
and other software and tools, and its AMPP partner logic 
functions, and any output files from any of the foregoing 
(including device programming or simulation files), and any 
associated documentation or information are expressly subject 
to the terms and conditions of the Altera Program License 
Subscription Agreement, Altera MegaCore Function License 
Agreement, or other applicable license agreement, including, 
without limitation, that your use is for the sole purpose of 
programming logic devices manufactured by Altera and sold by 
Altera or its authorized distributors.  Please refer to the 
applicable agreement for further details.



+-----------------------------------------------------------------------------------+
; Flow Summary                                                                      ;
+------------------------------------+----------------------------------------------+
; Flow Status                        ; Successful - Tue Jun 04 19:08:07 2019        ;
; Quartus II Version                 ; 9.1 Build 350 03/24/2010 SP 2 SJ Web Edition ;
; Revision Name                      ; Register_File                                ;
; Top-level Entity Name              ; Register_File                                ;
; Family                             ; Cyclone III                                  ;
; Met timing requirements            ; N/A                                          ;
; Total logic elements               ; 1,564 / 5,136 ( 30 % )                       ;
;     Total combinational functions  ; 1,564 / 5,136 ( 30 % )                       ;
;     Dedicated logic registers      ; 1,024 / 5,136 ( 20 % )                       ;
; Total registers                    ; 1024                                         ;
; Total pins                         ; 114 / 183 ( 62 % )                           ;
; Total virtual pins                 ; 0                                            ;
; Total memory bits                  ; 0 / 423,936 ( 0 % )                          ;
; Embedded Multiplier 9-bit elements ; 0 / 46 ( 0 % )                               ;
; Total PLLs                         ; 0 / 2 ( 0 % )                                ;
; Device                             ; EP3C5F256C6                                  ;
; Timing Models                      ; Final                                        ;
+------------------------------------+----------------------------------------------+


+-----------------------------------------+
; Flow Settings                           ;
+-------------------+---------------------+
; Option            ; Setting             ;
+-------------------+---------------------+
; Start date & time ; 06/04/2019 19:07:42 ;
; Main task         ; Compilation         ;
; Revision Name     ; Register_File       ;
+-------------------+---------------------+


+--------------------------------------------------------------------------------------------------------------------+
; Flow Non-Default Global Settings                                                                                   ;
+------------------------------------+--------------------------------+---------------+-------------+----------------+
; Assignment Name                    ; Value                          ; Default Value ; Entity Name ; Section Id     ;
+------------------------------------+--------------------------------+---------------+-------------+----------------+
; COMPILER_SIGNATURE_ID              ; 48710649357183.155965906207896 ; --            ; --          ; --             ;
; IP_TOOL_NAME                       ; LPM_DECODE                     ; --            ; --          ; --             ;
; IP_TOOL_VERSION                    ; 9.1                            ; --            ; --          ; --             ;
; MISC_FILE                          ; lpm_decode0.bsf                ; --            ; --          ; --             ;
; MISC_FILE                          ; lpm_decode0.inc                ; --            ; --          ; --             ;
; PARTITION_COLOR                    ; 16764057                       ; --            ; --          ; Top            ;
; PARTITION_NETLIST_TYPE             ; SOURCE                         ; --            ; --          ; Top            ;
; USE_GENERATED_PHYSICAL_CONSTRAINTS ; Off                            ; --            ; --          ; eda_blast_fpga ;
+------------------------------------+--------------------------------+---------------+-------------+----------------+


+-------------------------------------------------------------------------------------------------------------------------------+
; Flow Elapsed Time                                                                                                             ;
+---------------------------+--------------+-------------------------+---------------------+------------------------------------+
; Module Name               ; Elapsed Time ; Average Processors Used ; Peak Virtual Memory ; Total CPU Time (on all processors) ;
+---------------------------+--------------+-------------------------+---------------------+------------------------------------+
; Analysis & Synthesis      ; 00:00:14     ; 1.0                     ; 286 MB              ; 00:00:15                           ;
; Fitter                    ; 00:00:08     ; 1.0                     ; 309 MB              ; 00:00:10                           ;
; TimeQuest Timing Analyzer ; 00:00:04     ; 1.0                     ; 278 MB              ; 00:00:04                           ;
; Assembler                 ; 00:00:01     ; 1.0                     ; 234 MB              ; 00:00:01                           ;
; Total                     ; 00:00:26     ; --                      ; --                  ; 00:00:29                           ;
+---------------------------+--------------+-------------------------+---------------------+------------------------------------+


+--------------------------------------------------------------------------------------------+
; Flow OS Summary                                                                            ;
+---------------------------+------------------+---------------+------------+----------------+
; Module Name               ; Machine Hostname ; OS Name       ; OS Version ; Processor type ;
+---------------------------+------------------+---------------+------------+----------------+
; Analysis & Synthesis      ; DESKTOP-85DU7N5  ; Windows Vista ; 6.2        ; x86_64         ;
; Fitter                    ; DESKTOP-85DU7N5  ; Windows Vista ; 6.2        ; x86_64         ;
; Assembler                 ; DESKTOP-85DU7N5  ; Windows Vista ; 6.2        ; x86_64         ;
; TimeQuest Timing Analyzer ; DESKTOP-85DU7N5  ; Windows Vista ; 6.2        ; x86_64         ;
+---------------------------+------------------+---------------+------------+----------------+


------------
; Flow Log ;
------------
quartus_map --read_settings_files=on --write_settings_files=off Register_File -c Register_File
quartus_fit --read_settings_files=off --write_settings_files=off Register_File -c Register_File
quartus_asm --read_settings_files=off --write_settings_files=off Register_File -c Register_File
quartus_sta Register_File -c Register_File



